Arguments: 
  /Users/vitorconti/.nvm/versions/node/v16.15.0/bin/node /Users/vitorconti/.npm-global/bin/yarn

PATH: 
  /Users/vitorconti/.nvm/versions/node/v16.15.0/bin:/Users/vitorconti/.pyenv/shims:/Users/vitorconti/.pyenv/bin:/Library/Frameworks/Python.framework/Versions/3.10/bin:/Users/vitorconti/.nvm/versions/node/v16.15.0/bin:/opt/homebrew/bin:/opt/homebrew/sbin:/Users/vitorconti/.npm-global/bin:/usr/local/bin:/usr/bin:/bin:/usr/sbin:/sbin:/Library/Apple/usr/bin:/Users/vitorconti/.pyenv/bin:/Library/Frameworks/Python.framework/Versions/3.10/bin:/Users/vitorconti/.nvm/versions/node/v16.15.0/bin:/opt/homebrew/bin:/opt/homebrew/sbin:/Users/vitorconti/.npm-global/bin:/Users/vitorconti/Library/Android/sdk/emulator:/Users/vitorconti/Library/Android/sdk/platform-tools:/usr/local/mysql/bin/:/Users/vitorconti/Library/Android/sdk/emulator:/Users/vitorconti/Library/Android/sdk/platform-tools:/usr/local/mysql/bin/

Yarn version: 
  1.22.18

Node version: 
  16.15.0

Platform: 
  darwin arm64

Trace: 
  Error: read ECONNRESET
      at TLSWrap.onStreamRead (node:internal/stream_base_commons:217:20)

npm manifest: 
  {
    "name": "clinic-app",
    "version": "1.0.0",
    "main": "node_modules/expo/AppEntry.js",
    "scripts": {
      "start": "expo start",
      "android": "expo start --android",
      "ios": "expo start --ios",
      "web": "expo start --web"
    },
    "dependencies": {
      "expo": "~46.0.9",
      "expo-status-bar": "~1.4.0",
      "react": "18.0.0",
      "react-native": "0.69.5"
    },
    "devDependencies": {
      "@babel/core": "^7.12.9"
    },
    "private": true
  }

yarn manifest: 
  No manifest

Lockfile: 
  No lockfile
